<?xml version="1.0" encoding="UTF-8"?>
<testsuites overall-result="passed">
 <properties>
  <property name="baseosci.artifact-id" value="123456"/>
  <property name="baseosci.artifact-namespace" value="SOME NAMESPACE"/>
  <property name="baseosci.id.testing-thread" value="some thread id"/>
  <property name="baseosci.overall-result" value="passed"/>
  <property name="polarion-custom-lookup-method-field-id" value="polarion lookup method field id"/>
  <property name="polarion-lookup-method" value="polarion lookup method"/>
  <property name="polarion-project-id" value="polarion project id"/>
 </properties>
 <testsuite name="plan" result="passed" tests="0">
  <logs>
   <log guest-setup-stage="artifact_installation" href="logpath" name="schedule entry #0: ARTIFACT_INSTALLATION" schedule-stage="guest-setup"/>
   <log guest-setup-stage="post_artifact_installation" href="logpath" name="schedule entry #0: POST_ARTIFACT_INSTALLATION" schedule-stage="guest-setup"/>
   <log guest-setup-stage="post_artifact_installation_workarounds" href="logpath" name="schedule entry #0: POST_ARTIFACT_INSTALLATION_WORKAROUNDS" schedule-stage="guest-setup"/>
   <log guest-setup-stage="pre_artifact_installation" href="logpath" name="schedule entry #0: PRE_ARTIFACT_INSTALLATION" schedule-stage="guest-setup"/>
   <log guest-setup-stage="pre_artifact_installation_workarounds" href="logpath" name="schedule entry #0: PRE_ARTIFACT_INSTALLATION_WORKAROUNDS" schedule-stage="guest-setup"/>
  </logs>
  <properties>
   <property name="baseosci.result" value="passed"/>
  </properties>
 </testsuite>
 <testsuite name="plan" result="passed" tests="0">
  <logs>
   <log guest-setup-stage="artifact_installation" href="logpath" name="schedule entry #1: ARTIFACT_INSTALLATION" schedule-stage="guest-setup"/>
   <log guest-setup-stage="post_artifact_installation" href="logpath" name="schedule entry #1: POST_ARTIFACT_INSTALLATION" schedule-stage="guest-setup"/>
   <log guest-setup-stage="post_artifact_installation_workarounds" href="logpath" name="schedule entry #1: POST_ARTIFACT_INSTALLATION_WORKAROUNDS" schedule-stage="guest-setup"/>
   <log guest-setup-stage="pre_artifact_installation" href="logpath" name="schedule entry #1: PRE_ARTIFACT_INSTALLATION" schedule-stage="guest-setup"/>
   <log guest-setup-stage="pre_artifact_installation_workarounds" href="logpath" name="schedule entry #1: PRE_ARTIFACT_INSTALLATION_WORKAROUNDS" schedule-stage="guest-setup"/>
  </logs>
  <properties>
   <property name="baseosci.result" value="passed"/>
  </properties>
 </testsuite>
 <testsuite name="plan" result="passed" tests="0">
  <logs>
   <log guest-setup-stage="artifact_installation" href="logpath" name="schedule entry #2: ARTIFACT_INSTALLATION" schedule-stage="guest-setup"/>
   <log guest-setup-stage="post_artifact_installation" href="logpath" name="schedule entry #2: POST_ARTIFACT_INSTALLATION" schedule-stage="guest-setup"/>
   <log guest-setup-stage="post_artifact_installation_workarounds" href="logpath" name="schedule entry #2: POST_ARTIFACT_INSTALLATION_WORKAROUNDS" schedule-stage="guest-setup"/>
   <log guest-setup-stage="pre_artifact_installation" href="logpath" name="schedule entry #2: PRE_ARTIFACT_INSTALLATION" schedule-stage="guest-setup"/>
   <log guest-setup-stage="pre_artifact_installation_workarounds" href="logpath" name="schedule entry #2: PRE_ARTIFACT_INSTALLATION_WORKAROUNDS" schedule-stage="guest-setup"/>
  </logs>
  <properties>
   <property name="baseosci.result" value="passed"/>
  </properties>
 </testsuite>
</testsuites>
